Arguments: 
  /usr/local/bin/node /usr/local/bin/yarn add taro-ui --silent --no-progress

PATH: 
  /usr/local/lib/node_modules/npm/node_modules/npm-lifecycle/node-gyp-bin:/Users/duanruilong/Github/taro-dva-app/node_modules/.bin:/usr/local/lib/node_modules/npm/node_modules/npm-lifecycle/node-gyp-bin:/Users/duanruilong/Github/taro-dva-app/node_modules/.bin:/usr/local/bin:/usr/bin:/bin:/usr/sbin:/sbin

Yarn version: 
  1.19.1

Node version: 
  10.16.3

Platform: 
  darwin x64

Trace: 
  Error: ENOENT: no such file or directory, copyfile '/Users/duanruilong/Library/Caches/Yarn/v6/npm-parse-json-4.0.0-be35f5425be1f7f6c747184f98a788cb99477ee0-integrity/node_modules/parse-json/license' -> '/Users/duanruilong/Github/taro-dva-app/node_modules/meow/node_modules/parse-json/license'

npm manifest: 
  {
    "name": "edu-taro-app",
    "version": "1.0.0",
    "private": true,
    "description": "我的taro项目，微信小程序",
    "templateInfo": {
      "name": "default",
      "typescript": false,
      "css": "sass"
    },
    "scripts": {
      "build:weapp": "taro build --type weapp",
      "build:swan": "taro build --type swan",
      "build:alipay": "taro build --type alipay",
      "build:tt": "taro build --type tt",
      "build:h5": "taro build --type h5",
      "build:rn": "taro build --type rn",
      "dev:weapp": "npm run build:weapp -- --watch",
      "dev:swan": "npm run build:swan -- --watch",
      "dev:alipay": "npm run build:alipay -- --watch",
      "dev:tt": "npm run build:tt -- --watch",
      "dev:h5": "npm run build:h5 -- --watch",
      "dev:rn": "npm run build:rn -- --watch",
      "tep": "node template"
    },
    "author": "",
    "license": "MIT",
    "dependencies": {
      "@tarojs/async-await": "^1.3.9",
      "@tarojs/components": "1.3.5",
      "@tarojs/redux": "^1.3.9",
      "@tarojs/router": "1.3.5",
      "@tarojs/taro": "1.3.5",
      "@tarojs/taro-alipay": "1.3.5",
      "@tarojs/taro-h5": "1.3.5",
      "@tarojs/taro-swan": "1.3.5",
      "@tarojs/taro-tt": "1.3.5",
      "@tarojs/taro-weapp": "^1.3.5",
      "dva-core": "^1.4.0",
      "dva-loading": "^3.0.12",
      "nerv-devtools": "^1.4.0",
      "nervjs": "^1.4.0",
      "redux-logger": "^3.0.6"
    },
    "devDependencies": {
      "@tarojs/plugin-babel": "^1.3.5",
      "@tarojs/plugin-csso": "1.3.5",
      "@tarojs/plugin-sass": "1.3.5",
      "@tarojs/plugin-uglifyjs": "1.3.5",
      "@tarojs/webpack-runner": "1.3.5",
      "@types/react": "^16.4.6",
      "@types/webpack-env": "^1.13.6",
      "babel-eslint": "^8.2.3",
      "babel-plugin-transform-class-properties": "^6.24.1",
      "babel-plugin-transform-decorators-legacy": "^1.3.4",
      "babel-plugin-transform-jsx-stylesheet": "^0.6.5",
      "babel-plugin-transform-object-rest-spread": "^6.26.0",
      "babel-preset-env": "^1.6.1",
      "eslint": "^5.16.0",
      "eslint-config-taro": "1.3.5",
      "eslint-plugin-import": "^2.12.0",
      "eslint-plugin-react": "^7.8.2",
      "eslint-plugin-taro": "1.3.5",
      "stylelint": "9.3.0",
      "stylelint-config-taro-rn": "1.3.5",
      "stylelint-taro-rn": "1.3.5"
    }
  }

yarn manifest: 
  No manifest

Lockfile: 
  No lockfile
